<?xml version="1.0" encoding="UTF-8"?>
<testsuite name="tests.ServiceTest" tests="5" skipped="0" failures="0" errors="0" timestamp="2023-03-26T19:10:28" hostname="DESKTOP-68SVGNT" time="41.607">
  <properties/>
  <testcase name="approvedCredit()" classname="tests.ServiceTest" time="5.617"/>
  <testcase name="abortOperation()" classname="tests.ServiceTest" time="7.197"/>
  <testcase name="declinedCredit()" classname="tests.ServiceTest" time="6.912"/>
  <testcase name="declinedBuy()" classname="tests.ServiceTest" time="10.618"/>
  <testcase name="approvedBuy()" classname="tests.ServiceTest" time="11.255"/>
  <system-out><![CDATA[]]></system-out>
  <system-err><![CDATA[]]></system-err>
</testsuite>
