<?xml version="1.0" encoding="UTF-8"?>
<testsuite name="tests.ServiceTest" tests="5" skipped="0" failures="0" errors="0" timestamp="2023-03-27T15:34:38" hostname="DESKTOP-68SVGNT" time="31.412">
  <properties/>
  <testcase name="approvedCredit()" classname="tests.ServiceTest" time="10.711"/>
  <testcase name="abortOperation()" classname="tests.ServiceTest" time="2.41"/>
  <testcase name="declinedCredit()" classname="tests.ServiceTest" time="8.989"/>
  <testcase name="declinedBuy()" classname="tests.ServiceTest" time="6.539"/>
  <testcase name="approvedBuy()" classname="tests.ServiceTest" time="2.751"/>
  <system-out><![CDATA[]]></system-out>
  <system-err><![CDATA[Starting ChromeDriver 111.0.5563.64 (c710e93d5b63b7095afe8c2c17df34408078439d-refs/branch-heads/5563@{#995}) on port 28101
Only local connections are allowed.
Please see https://chromedriver.chromium.org/security-considerations for suggestions on keeping ChromeDriver safe.
ChromeDriver was started successfully.
мар. 27, 2023 6:34:41 PM org.openqa.selenium.remote.ProtocolHandshake createSession
INFO: Detected dialect: W3C
]]></system-err>
</testsuite>
