<?xml version="1.0" encoding="UTF-8"?>
<testsuite name="tests.ServiceTest" tests="5" skipped="0" failures="0" errors="0" timestamp="2023-03-25T12:30:17" hostname="DESKTOP-68SVGNT" time="33.162">
  <properties/>
  <testcase name="approvedCredit()" classname="tests.ServiceTest" time="8.028"/>
  <testcase name="abortOperation()" classname="tests.ServiceTest" time="6.69"/>
  <testcase name="declinedCredit()" classname="tests.ServiceTest" time="10.316"/>
  <testcase name="declinedBuy()" classname="tests.ServiceTest" time="4.609"/>
  <testcase name="approvedBuy()" classname="tests.ServiceTest" time="3.509"/>
  <system-out><![CDATA[]]></system-out>
  <system-err><![CDATA[]]></system-err>
</testsuite>
